Starting parallel pool (parpool) using the 'local' profile ...
Connected to the parallel pool (number of workers: 12).
Number of entrants
    11

Number of entrants
    10

Number of entrants
    12

Number of entrants
    11

Number of entrants
    13

Number of entrants
    11

Number of entrants
    10

Number of entrants
    10

Number of entrants
    13

Number of entrants
    11

True auxiliary model parameters
    0.1547
    0.0511
   -0.0048
   -0.0279
   -0.0047
    0.0213
    0.1860
   -0.0854
   -0.0142
    0.1830
    1.3549


ans =

        2021           1          22          10          57          56

theta:
     1
     1
     1


Local minimum found.

Optimization completed because the size of the gradient is less than
the value of the optimality tolerance.


Local minimum found.

Optimization completed because the size of the gradient is less than
the value of the optimality tolerance.


Local minimum found.

Optimization completed because the size of the gradient is less than
the value of the optimality tolerance.


Local minimum found.

Optimization completed because the size of the gradient is less than
the value of the optimality tolerance.


Local minimum found.

Optimization completed because the size of the gradient is less than
the value of the optimality tolerance.


Local minimum found.

Optimization completed because the size of the gradient is less than
the value of the optimality tolerance.


Local minimum found.

Optimization completed because the size of the gradient is less than
the value of the optimality tolerance.


Local minimum found.

Optimization completed because the size of the gradient is less than
the value of the optimality tolerance.


Local minimum found.

Optimization completed because the size of the gradient is less than
the value of the optimality tolerance.


Local minimum found.

Optimization completed because the size of the gradient is less than
the value of the optimality tolerance.

Auxiliary model:
    0.0452
    0.0125
   -0.0068
   -0.0176
   -0.0023
    0.0276
    0.0580
    0.0191
   -0.0033
   -0.0118
    1.8450

Objective function
    0.3192

theta:
    1.0000
    1.0000
    1.0000


Local minimum found.

Optimization completed because the size of the gradient is less than
the value of the optimality tolerance.


Local minimum found.

Optimization completed because the size of the gradient is less than
the value of the optimality tolerance.


Local minimum found.

Optimization completed because the size of the gradient is less than
the value of the optimality tolerance.


Local minimum found.

Optimization completed because the size of the gradient is less than
the value of the optimality tolerance.


Local minimum found.

Optimization completed because the size of the gradient is less than
the value of the optimality tolerance.


Local minimum found.

Optimization completed because the size of the gradient is less than
the value of the optimality tolerance.


Local minimum found.

Optimization completed because the size of the gradient is less than
the value of the optimality tolerance.


Local minimum found.

Optimization completed because the size of the gradient is less than
the value of the optimality tolerance.


Local minimum found.

Optimization completed because the size of the gradient is less than
the value of the optimality tolerance.


Local minimum found.

Optimization completed because the size of the gradient is less than
the value of the optimality tolerance.

Auxiliary model:
    0.0453
    0.0126
   -0.0069
   -0.0177
   -0.0023
    0.0277
    0.0582
    0.0191
   -0.0033
   -0.0118
    1.8450

Objective function
    0.3192

theta:
    1.0000
    1.0000
    1.0000


Local minimum found.

Optimization completed because the size of the gradient is less than
the value of the optimality tolerance.


Local minimum found.

Optimization completed because the size of the gradient is less than
the value of the optimality tolerance.


Local minimum found.

Optimization completed because the size of the gradient is less than
the value of the optimality tolerance.


Local minimum found.

Optimization completed because the size of the gradient is less than
the value of the optimality tolerance.


Local minimum found.

Optimization completed because the size of the gradient is less than
the value of the optimality tolerance.


Local minimum found.

Optimization completed because the size of the gradient is less than
the value of the optimality tolerance.


Local minimum found.

Optimization completed because the size of the gradient is less than
the value of the optimality tolerance.


Local minimum found.

Optimization completed because the size of the gradient is less than
the value of the optimality tolerance.


Local minimum found.

Optimization completed because the size of the gradient is less than
the value of the optimality tolerance.


Local minimum found.

Optimization completed because the size of the gradient is less than
the value of the optimality tolerance.

Auxiliary model:
    0.0454
    0.0125
   -0.0069
   -0.0175
   -0.0024
    0.0273
    0.0594
    0.0191
   -0.0033
   -0.0118
    1.8450

Objective function
    0.3188

theta:
    1.0000
    1.0000
    1.0000


Local minimum found.

Optimization completed because the size of the gradient is less than
the value of the optimality tolerance.


Local minimum found.

Optimization completed because the size of the gradient is less than
the value of the optimality tolerance.


Local minimum found.

Optimization completed because the size of the gradient is less than
the value of the optimality tolerance.


Local minimum found.

Optimization completed because the size of the gradient is less than
the value of the optimality tolerance.


Local minimum found.

Optimization completed because the size of the gradient is less than
the value of the optimality tolerance.


Local minimum found.

Optimization completed because the size of the gradient is less than
the value of the optimality tolerance.


Local minimum found.

Optimization completed because the size of the gradient is less than
the value of the optimality tolerance.


Local minimum found.

Optimization completed because the size of the gradient is less than
the value of the optimality tolerance.


Local minimum found.

Optimization completed because the size of the gradient is less than
the value of the optimality tolerance.


Local minimum found.

Optimization completed because the size of the gradient is less than
the value of the optimality tolerance.

Auxiliary model:
    0.0451
    0.0123
   -0.0070
   -0.0174
   -0.0023
    0.0272
    0.0588
    0.0191
   -0.0033
   -0.0118
    1.8450

Objective function
    0.3191

theta:
   14.9799
   99.5050
   40.5061


Local minimum found.

Optimization completed because the size of the gradient is less than
the value of the optimality tolerance.


Local minimum found.

Optimization completed because the size of the gradient is less than
the value of the optimality tolerance.


Local minimum found.

Optimization completed because the size of the gradient is less than
the value of the optimality tolerance.


Local minimum found.

Optimization completed because the size of the gradient is less than
the value of the optimality tolerance.


Local minimum found.

Optimization completed because the size of the gradient is less than
the value of the optimality tolerance.


Local minimum found.

Optimization completed because the size of the gradient is less than
the value of the optimality tolerance.


Local minimum found.

Optimization completed because the size of the gradient is less than
the value of the optimality tolerance.


Local minimum found.

Optimization completed because the size of the gradient is less than
the value of the optimality tolerance.


Local minimum found.

Optimization completed because the size of the gradient is less than
the value of the optimality tolerance.


Local minimum found.

Optimization completed because the size of the gradient is less than
the value of the optimality tolerance.

Auxiliary model:
    1.7733
    4.2957
   -0.2079
   -0.4061
   -0.0006
    0.5656
    2.1877
    0.0191
   -0.0033
   -0.0118
    1.8450

Objective function
   25.4134

theta:
    7.9899
   50.2525
   20.7531


Local minimum found.

Optimization completed because the size of the gradient is less than
the value of the optimality tolerance.


Local minimum found.

Optimization completed because the size of the gradient is less than
the value of the optimality tolerance.


Local minimum found.

Optimization completed because the size of the gradient is less than
the value of the optimality tolerance.


Local minimum found.

Optimization completed because the size of the gradient is less than
the value of the optimality tolerance.


Local minimum found.

Optimization completed because the size of the gradient is less than
the value of the optimality tolerance.


Local minimum found.

Optimization completed because the size of the gradient is less than
the value of the optimality tolerance.


Local minimum found.

Optimization completed because the size of the gradient is less than
the value of the optimality tolerance.


Local minimum found.

Optimization completed because the size of the gradient is less than
the value of the optimality tolerance.


Local minimum found.

Optimization completed because the size of the gradient is less than
the value of the optimality tolerance.


Local minimum found.

Optimization completed because the size of the gradient is less than
the value of the optimality tolerance.

Auxiliary model:
    0.9096
    1.1935
   -0.1072
   -0.2140
   -0.0027
    0.3005
    1.1249
    0.0191
   -0.0033
   -0.0118
    1.8450

Objective function
    3.1689

theta:
    4.4950
   25.6262
   10.8765


Local minimum found.

Optimization completed because the size of the gradient is less than
the value of the optimality tolerance.


Local minimum found.

Optimization completed because the size of the gradient is less than
the value of the optimality tolerance.


Local minimum found.

Optimization completed because the size of the gradient is less than
the value of the optimality tolerance.


Local minimum found.

Optimization completed because the size of the gradient is less than
the value of the optimality tolerance.


Local minimum found.

Optimization completed because the size of the gradient is less than
the value of the optimality tolerance.


Local minimum found.

Optimization completed because the size of the gradient is less than
the value of the optimality tolerance.


Local minimum found.

Optimization completed because the size of the gradient is less than
the value of the optimality tolerance.


Local minimum found.

Optimization completed because the size of the gradient is less than
the value of the optimality tolerance.


Local minimum found.

Optimization completed because the size of the gradient is less than
the value of the optimality tolerance.


Local minimum found.

Optimization completed because the size of the gradient is less than
the value of the optimality tolerance.

Auxiliary model:
    0.4775
    0.3636
   -0.0572
   -0.1177
   -0.0037
    0.1675
    0.5940
    0.0191
   -0.0033
   -0.0118
    1.8450

Objective function
    0.6898

theta:
    4.4950
   25.6262
   10.8765


Local minimum found.

Optimization completed because the size of the gradient is less than
the value of the optimality tolerance.


Local minimum found.

Optimization completed because the size of the gradient is less than
the value of the optimality tolerance.


Local minimum found.

Optimization completed because the size of the gradient is less than
the value of the optimality tolerance.


Local minimum found.

Optimization completed because the size of the gradient is less than
the value of the optimality tolerance.


Local minimum found.

Optimization completed because the size of the gradient is less than
the value of the optimality tolerance.


Local minimum found.

Optimization completed because the size of the gradient is less than
the value of the optimality tolerance.


Local minimum found.

Optimization completed because the size of the gradient is less than
the value of the optimality tolerance.


Local minimum found.

Optimization completed because the size of the gradient is less than
the value of the optimality tolerance.


Local minimum found.

Optimization completed because the size of the gradient is less than
the value of the optimality tolerance.


Local minimum found.

Optimization completed because the size of the gradient is less than
the value of the optimality tolerance.

Auxiliary model:
    0.4778
    0.3638
   -0.0573
   -0.1177
   -0.0037
    0.1676
    0.5948
    0.0191
   -0.0033
   -0.0118
    1.8450

Objective function
    0.6907

theta:
    4.4950
   25.6263
   10.8765


Local minimum found.

Optimization completed because the size of the gradient is less than
the value of the optimality tolerance.


Local minimum found.

Optimization completed because the size of the gradient is less than
the value of the optimality tolerance.


Local minimum found.

Optimization completed because the size of the gradient is less than
the value of the optimality tolerance.


Local minimum found.

Optimization completed because the size of the gradient is less than
the value of the optimality tolerance.


Local minimum found.

Optimization completed because the size of the gradient is less than
the value of the optimality tolerance.


Local minimum found.

Optimization completed because the size of the gradient is less than
the value of the optimality tolerance.


Local minimum found.

Optimization completed because the size of the gradient is less than
the value of the optimality tolerance.


Local minimum found.

Optimization completed because the size of the gradient is less than
the value of the optimality tolerance.


Local minimum found.

Optimization completed because the size of the gradient is less than
the value of the optimality tolerance.


Local minimum found.

Optimization completed because the size of the gradient is less than
the value of the optimality tolerance.

Auxiliary model:
    0.4774
    0.3640
   -0.0576
   -0.1177
   -0.0036
    0.1676
    0.5947
    0.0191
   -0.0033
   -0.0118
    1.8450

Objective function
    0.6906

theta:
    4.4950
   25.6262
   10.8765


Local minimum found.

Optimization completed because the size of the gradient is less than
the value of the optimality tolerance.


Local minimum found.

Optimization completed because the size of the gradient is less than
the value of the optimality tolerance.


Local minimum found.

Optimization completed because the size of the gradient is less than
the value of the optimality tolerance.


Local minimum found.

Optimization completed because the size of the gradient is less than
the value of the optimality tolerance.


Local minimum found.

Optimization completed because the size of the gradient is less than
the value of the optimality tolerance.


Local minimum found.

Optimization completed because the size of the gradient is less than
the value of the optimality tolerance.


Local minimum found.

Optimization completed because the size of the gradient is less than
the value of the optimality tolerance.


Local minimum found.

Optimization completed because the size of the gradient is less than
the value of the optimality tolerance.


Local minimum found.

Optimization completed because the size of the gradient is less than
the value of the optimality tolerance.


Local minimum found.

Optimization completed because the size of the gradient is less than
the value of the optimality tolerance.

Auxiliary model:
    0.4773
    0.3641
   -0.0574
   -0.1177
   -0.0038
    0.1677
    0.5944
    0.0191
   -0.0033
   -0.0118
    1.8450

Objective function
    0.6903

theta:
    0.0324
   28.3706
   11.0790


Local minimum found.

Optimization completed because the size of the gradient is less than
the value of the optimality tolerance.


Local minimum found.

Optimization completed because the size of the gradient is less than
the value of the optimality tolerance.


Local minimum found.

Optimization completed because the size of the gradient is less than
the value of the optimality tolerance.


Local minimum found.

Optimization completed because the size of the gradient is less than
the value of the optimality tolerance.


Local minimum found.

Optimization completed because the size of the gradient is less than
the value of the optimality tolerance.


Local minimum found.

Optimization completed because the size of the gradient is less than
the value of the optimality tolerance.


Local minimum found.

Optimization completed because the size of the gradient is less than
the value of the optimality tolerance.


Local minimum found.

Optimization completed because the size of the gradient is less than
the value of the optimality tolerance.


Local minimum found.

Optimization completed because the size of the gradient is less than
the value of the optimality tolerance.


Local minimum found.

Optimization completed because the size of the gradient is less than
the value of the optimality tolerance.

Auxiliary model:
         0
         0
         0
         0
         0
         0
         0
    0.0191
   -0.0033
   -0.0118
    1.8450

Objective function
    0.3516

theta:
    2.2637
   26.9984
   10.9778


Local minimum found.

Optimization completed because the size of the gradient is less than
the value of the optimality tolerance.


Local minimum found.

Optimization completed because the size of the gradient is less than
the value of the optimality tolerance.


Local minimum found.

Optimization completed because the size of the gradient is less than
the value of the optimality tolerance.


Local minimum found.

Optimization completed because the size of the gradient is less than
the value of the optimality tolerance.


Local minimum found.

Optimization completed because the size of the gradient is less than
the value of the optimality tolerance.


Local minimum found.

Optimization completed because the size of the gradient is less than
the value of the optimality tolerance.


Local minimum found.

Optimization completed because the size of the gradient is less than
the value of the optimality tolerance.


Local minimum found.

Optimization completed because the size of the gradient is less than
the value of the optimality tolerance.


Local minimum found.

Optimization completed because the size of the gradient is less than
the value of the optimality tolerance.


Local minimum found.

Optimization completed because the size of the gradient is less than
the value of the optimality tolerance.

Auxiliary model:
    0.2022
    0.0851
   -0.0253
   -0.0560
   -0.0042
    0.0825
    0.2553
    0.0191
   -0.0033
   -0.0118
    1.8450

Objective function
    0.3024

theta:
    2.2637
   26.9984
   10.9778


Local minimum found.

Optimization completed because the size of the gradient is less than
the value of the optimality tolerance.


Local minimum found.

Optimization completed because the size of the gradient is less than
the value of the optimality tolerance.


Local minimum found.

Optimization completed because the size of the gradient is less than
the value of the optimality tolerance.


Local minimum found.

Optimization completed because the size of the gradient is less than
the value of the optimality tolerance.


Local minimum found.

Optimization completed because the size of the gradient is less than
the value of the optimality tolerance.


Local minimum found.

Optimization completed because the size of the gradient is less than
the value of the optimality tolerance.


Local minimum found.

Optimization completed because the size of the gradient is less than
the value of the optimality tolerance.


Local minimum found.

Optimization completed because the size of the gradient is less than
the value of the optimality tolerance.


Local minimum found.

Optimization completed because the size of the gradient is less than
the value of the optimality tolerance.


Local minimum found.

Optimization completed because the size of the gradient is less than
the value of the optimality tolerance.

Auxiliary model:
    0.2023
    0.0851
   -0.0255
   -0.0560
   -0.0042
    0.0824
    0.2559
    0.0191
   -0.0033
   -0.0118
    1.8450

Objective function
    0.3025

theta:
    2.2637
   26.9984
   10.9778


Local minimum found.

Optimization completed because the size of the gradient is less than
the value of the optimality tolerance.


Local minimum found.

Optimization completed because the size of the gradient is less than
the value of the optimality tolerance.


Local minimum found.

Optimization completed because the size of the gradient is less than
the value of the optimality tolerance.


Local minimum found.

Optimization completed because the size of the gradient is less than
the value of the optimality tolerance.


Local minimum found.

Optimization completed because the size of the gradient is less than
the value of the optimality tolerance.


Local minimum found.

Optimization completed because the size of the gradient is less than
the value of the optimality tolerance.


Local minimum found.

Optimization completed because the size of the gradient is less than
the value of the optimality tolerance.


Local minimum found.

Optimization completed because the size of the gradient is less than
the value of the optimality tolerance.


Local minimum found.

Optimization completed because the size of the gradient is less than
the value of the optimality tolerance.


Local minimum found.

Optimization completed because the size of the gradient is less than
the value of the optimality tolerance.

Auxiliary model:
    0.2023
    0.0852
   -0.0256
   -0.0560
   -0.0042
    0.0824
    0.2561
    0.0191
   -0.0033
   -0.0118
    1.8450

Objective function
    0.3025

theta:
    2.2637
   26.9984
   10.9778


Local minimum found.

Optimization completed because the size of the gradient is less than
the value of the optimality tolerance.


Local minimum found.

Optimization completed because the size of the gradient is less than
the value of the optimality tolerance.


Local minimum found.

Optimization completed because the size of the gradient is less than
the value of the optimality tolerance.


Local minimum found.

Optimization completed because the size of the gradient is less than
the value of the optimality tolerance.


Local minimum found.

Optimization completed because the size of the gradient is less than
the value of the optimality tolerance.


Local minimum found.

Optimization completed because the size of the gradient is less than
the value of the optimality tolerance.


Local minimum found.

Optimization completed because the size of the gradient is less than
the value of the optimality tolerance.


Local minimum found.

Optimization completed because the size of the gradient is less than
the value of the optimality tolerance.


Local minimum found.

Optimization completed because the size of the gradient is less than
the value of the optimality tolerance.


Local minimum found.

Optimization completed because the size of the gradient is less than
the value of the optimality tolerance.

Auxiliary model:
    0.2026
    0.0852
   -0.0254
   -0.0561
   -0.0042
    0.0824
    0.2563
    0.0191
   -0.0033
   -0.0118
    1.8450

Objective function
    0.3026

theta:
    3.6988
   31.4276
    0.0648


Local minimum found.

Optimization completed because the size of the gradient is less than
the value of the optimality tolerance.


Local minimum found.

Optimization completed because the size of the gradient is less than
the value of the optimality tolerance.


Local minimum found.

Optimization completed because the size of the gradient is less than
the value of the optimality tolerance.


Local minimum found.

Optimization completed because the size of the gradient is less than
the value of the optimality tolerance.


Local minimum found.

Optimization completed because the size of the gradient is less than
the value of the optimality tolerance.


Local minimum found.

Optimization completed because the size of the gradient is less than
the value of the optimality tolerance.


Local minimum found.

Optimization completed because the size of the gradient is less than
the value of the optimality tolerance.


Local minimum found.

Optimization completed because the size of the gradient is less than
the value of the optimality tolerance.


Local minimum found.

Optimization completed because the size of the gradient is less than
the value of the optimality tolerance.


Local minimum found.

Optimization completed because the size of the gradient is less than
the value of the optimality tolerance.

Auxiliary model:
    0.3806
    0.2415
   -0.0454
   -0.0958
   -0.0038
    0.1373
    0.4732
    0.0191
   -0.0033
   -0.0118
    1.8450

Objective function
    0.4787

theta:
    2.9813
   29.2130
    5.5213


Local minimum found.

Optimization completed because the size of the gradient is less than
the value of the optimality tolerance.


Local minimum found.

Optimization completed because the size of the gradient is less than
the value of the optimality tolerance.


Local minimum found.

Optimization completed because the size of the gradient is less than
the value of the optimality tolerance.


Local minimum found.

Optimization completed because the size of the gradient is less than
the value of the optimality tolerance.


Local minimum found.

Optimization completed because the size of the gradient is less than
the value of the optimality tolerance.


Local minimum found.

Optimization completed because the size of the gradient is less than
the value of the optimality tolerance.


Local minimum found.

Optimization completed because the size of the gradient is less than
the value of the optimality tolerance.


Local minimum found.

Optimization completed because the size of the gradient is less than
the value of the optimality tolerance.


Local minimum found.

Optimization completed because the size of the gradient is less than
the value of the optimality tolerance.


Local minimum found.

Optimization completed because the size of the gradient is less than
the value of the optimality tolerance.

Auxiliary model:
    0.2920
    0.1531
   -0.0351
   -0.0760
   -0.0040
    0.1100
    0.3644
    0.0191
   -0.0033
   -0.0118
    1.8450

Objective function
    0.3614

theta:
    2.6225
   28.1057
    8.2495


Local minimum found.

Optimization completed because the size of the gradient is less than
the value of the optimality tolerance.


Local minimum found.

Optimization completed because the size of the gradient is less than
the value of the optimality tolerance.


Local minimum found.

Optimization completed because the size of the gradient is less than
the value of the optimality tolerance.


Local minimum found.

Optimization completed because the size of the gradient is less than
the value of the optimality tolerance.


Local minimum found.

Optimization completed because the size of the gradient is less than
the value of the optimality tolerance.


Local minimum found.

Optimization completed because the size of the gradient is less than
the value of the optimality tolerance.


Local minimum found.

Optimization completed because the size of the gradient is less than
the value of the optimality tolerance.


Local minimum found.

Optimization completed because the size of the gradient is less than
the value of the optimality tolerance.


Local minimum found.

Optimization completed because the size of the gradient is less than
the value of the optimality tolerance.


Local minimum found.

Optimization completed because the size of the gradient is less than
the value of the optimality tolerance.

Auxiliary model:
    0.2479
    0.1164
   -0.0299
   -0.0661
   -0.0041
    0.0963
    0.3102
    0.0191
   -0.0033
   -0.0118
    1.8450

Objective function
    0.3253

theta:
    2.4431
   27.5521
    9.6136


Local minimum found.

Optimization completed because the size of the gradient is less than
the value of the optimality tolerance.


Local minimum found.

Optimization completed because the size of the gradient is less than
the value of the optimality tolerance.


Local minimum found.

Optimization completed because the size of the gradient is less than
the value of the optimality tolerance.


Local minimum found.

Optimization completed because the size of the gradient is less than
the value of the optimality tolerance.


Local minimum found.

Optimization completed because the size of the gradient is less than
the value of the optimality tolerance.


Local minimum found.

Optimization completed because the size of the gradient is less than
the value of the optimality tolerance.


Local minimum found.

Optimization completed because the size of the gradient is less than
the value of the optimality tolerance.


Local minimum found.

Optimization completed because the size of the gradient is less than
the value of the optimality tolerance.


Local minimum found.

Optimization completed because the size of the gradient is less than
the value of the optimality tolerance.


Local minimum found.

Optimization completed because the size of the gradient is less than
the value of the optimality tolerance.

Auxiliary model:
    0.2252
    0.1002
   -0.0278
   -0.0611
   -0.0042
    0.0894
    0.2834
    0.0191
   -0.0033
   -0.0118
    1.8450

Objective function
    0.3123

theta:
    1.7038
   30.6096
    7.1138


Local minimum found.

Optimization completed because the size of the gradient is less than
the value of the optimality tolerance.


Local minimum found.

Optimization completed because the size of the gradient is less than
the value of the optimality tolerance.


Local minimum found.

Optimization completed because the size of the gradient is less than
the value of the optimality tolerance.


Local minimum found.

Optimization completed because the size of the gradient is less than
the value of the optimality tolerance.


Local minimum found.

Optimization completed because the size of the gradient is less than
the value of the optimality tolerance.


Local minimum found.

Optimization completed because the size of the gradient is less than
the value of the optimality tolerance.


Local minimum found.

Optimization completed because the size of the gradient is less than
the value of the optimality tolerance.


Local minimum found.

Optimization completed because the size of the gradient is less than
the value of the optimality tolerance.


Local minimum found.

Optimization completed because the size of the gradient is less than
the value of the optimality tolerance.


Local minimum found.

Optimization completed because the size of the gradient is less than
the value of the optimality tolerance.

Auxiliary model:
    0.1354
    0.0457
   -0.0169
   -0.0406
   -0.0044
    0.0609
    0.1727
    0.0191
   -0.0033
   -0.0118
    1.8450

Objective function
    0.2917

theta:
    1.7643
   28.7047
    9.0090


Local minimum found.

Optimization completed because the size of the gradient is less than
the value of the optimality tolerance.


Local minimum found.

Optimization completed because the size of the gradient is less than
the value of the optimality tolerance.


Local minimum found.

Optimization completed because the size of the gradient is less than
the value of the optimality tolerance.


Local minimum found.

Optimization completed because the size of the gradient is less than
the value of the optimality tolerance.


Local minimum found.

Optimization completed because the size of the gradient is less than
the value of the optimality tolerance.


Local minimum found.

Optimization completed because the size of the gradient is less than
the value of the optimality tolerance.


Local minimum found.

Optimization completed because the size of the gradient is less than
the value of the optimality tolerance.


Local minimum found.

Optimization completed because the size of the gradient is less than
the value of the optimality tolerance.


Local minimum found.

Optimization completed because the size of the gradient is less than
the value of the optimality tolerance.


Local minimum found.

Optimization completed because the size of the gradient is less than
the value of the optimality tolerance.

Auxiliary model:
    0.1426
    0.0494
   -0.0178
   -0.0423
   -0.0044
    0.0632
    0.1817
    0.0191
   -0.0033
   -0.0118
    1.8450

Objective function
    0.2915

theta:
    1.7955
   27.7230
    9.9857


Local minimum found.

Optimization completed because the size of the gradient is less than
the value of the optimality tolerance.


Local minimum found.

Optimization completed because the size of the gradient is less than
the value of the optimality tolerance.


Local minimum found.

Optimization completed because the size of the gradient is less than
the value of the optimality tolerance.


Local minimum found.

Optimization completed because the size of the gradient is less than
the value of the optimality tolerance.


Local minimum found.

Optimization completed because the size of the gradient is less than
the value of the optimality tolerance.


Local minimum found.

Optimization completed because the size of the gradient is less than
the value of the optimality tolerance.


Local minimum found.

Optimization completed because the size of the gradient is less than
the value of the optimality tolerance.


Local minimum found.

Optimization completed because the size of the gradient is less than
the value of the optimality tolerance.


Local minimum found.

Optimization completed because the size of the gradient is less than
the value of the optimality tolerance.


Local minimum found.

Optimization completed because the size of the gradient is less than
the value of the optimality tolerance.

Auxiliary model:
    0.1459
    0.0513
   -0.0183
   -0.0431
   -0.0044
    0.0644
    0.1858
    0.0191
   -0.0033
   -0.0118
    1.8450

Objective function
    0.2916

theta:
    1.8137
   27.1502
   10.5556


Local minimum found.

Optimization completed because the size of the gradient is less than
the value of the optimality tolerance.


Local minimum found.

Optimization completed because the size of the gradient is less than
the value of the optimality tolerance.


Local minimum found.

Optimization completed because the size of the gradient is less than
the value of the optimality tolerance.


Local minimum found.

Optimization completed because the size of the gradient is less than
the value of the optimality tolerance.


Local minimum found.

Optimization completed because the size of the gradient is less than
the value of the optimality tolerance.


Local minimum found.

Optimization completed because the size of the gradient is less than
the value of the optimality tolerance.


Local minimum found.

Optimization completed because the size of the gradient is less than
the value of the optimality tolerance.


Local minimum found.

Optimization completed because the size of the gradient is less than
the value of the optimality tolerance.


Local minimum found.

Optimization completed because the size of the gradient is less than
the value of the optimality tolerance.


Local minimum found.

Optimization completed because the size of the gradient is less than
the value of the optimality tolerance.

Auxiliary model:
    0.1476
    0.0526
   -0.0189
   -0.0435
   -0.0044
    0.0649
    0.1891
    0.0191
   -0.0033
   -0.0118
    1.8450

Objective function
    0.2916

theta:
    1.9865
   26.9623
   10.8442


Local minimum found.

Optimization completed because the size of the gradient is less than
the value of the optimality tolerance.


Local minimum found.

Optimization completed because the size of the gradient is less than
the value of the optimality tolerance.


Local minimum found.

Optimization completed because the size of the gradient is less than
the value of the optimality tolerance.


Local minimum found.

Optimization completed because the size of the gradient is less than
the value of the optimality tolerance.


Local minimum found.

Optimization completed because the size of the gradient is less than
the value of the optimality tolerance.


Local minimum found.

Optimization completed because the size of the gradient is less than
the value of the optimality tolerance.


Local minimum found.

Optimization completed because the size of the gradient is less than
the value of the optimality tolerance.


Local minimum found.

Optimization completed because the size of the gradient is less than
the value of the optimality tolerance.


Local minimum found.

Optimization completed because the size of the gradient is less than
the value of the optimality tolerance.


Local minimum found.

Optimization completed because the size of the gradient is less than
the value of the optimality tolerance.

Auxiliary model:
    0.1686
    0.0640
   -0.0215
   -0.0484
   -0.0043
    0.0717
    0.2147
    0.0191
   -0.0033
   -0.0118
    1.8450

Objective function
    0.2936

theta:
    2.1251
   26.9804
   10.9110


Local minimum found.

Optimization completed because the size of the gradient is less than
the value of the optimality tolerance.


Local minimum found.

Optimization completed because the size of the gradient is less than
the value of the optimality tolerance.


Local minimum found.

Optimization completed because the size of the gradient is less than
the value of the optimality tolerance.


Local minimum found.

Optimization completed because the size of the gradient is less than
the value of the optimality tolerance.


Local minimum found.

Optimization completed because the size of the gradient is less than
the value of the optimality tolerance.


Local minimum found.

Optimization completed because the size of the gradient is less than
the value of the optimality tolerance.


Local minimum found.

Optimization completed because the size of the gradient is less than
the value of the optimality tolerance.


Local minimum found.

Optimization completed because the size of the gradient is less than
the value of the optimality tolerance.


Local minimum found.

Optimization completed because the size of the gradient is less than
the value of the optimality tolerance.


Local minimum found.

Optimization completed because the size of the gradient is less than
the value of the optimality tolerance.

Auxiliary model:
    0.1854
    0.0742
   -0.0233
   -0.0522
   -0.0043
    0.0771
    0.2350
    0.0191
   -0.0033
   -0.0118
    1.8450

Objective function
    0.2971

theta:
    2.1944
   26.9894
   10.9444


Local minimum found.

Optimization completed because the size of the gradient is less than
the value of the optimality tolerance.


Local minimum found.

Optimization completed because the size of the gradient is less than
the value of the optimality tolerance.


Local minimum found.

Optimization completed because the size of the gradient is less than
the value of the optimality tolerance.


Local minimum found.

Optimization completed because the size of the gradient is less than
the value of the optimality tolerance.


Local minimum found.

Optimization completed because the size of the gradient is less than
the value of the optimality tolerance.


Local minimum found.

Optimization completed because the size of the gradient is less than
the value of the optimality tolerance.


Local minimum found.

Optimization completed because the size of the gradient is less than
the value of the optimality tolerance.


Local minimum found.

Optimization completed because the size of the gradient is less than
the value of the optimality tolerance.


Local minimum found.

Optimization completed because the size of the gradient is less than
the value of the optimality tolerance.


Local minimum found.

Optimization completed because the size of the gradient is less than
the value of the optimality tolerance.

Auxiliary model:
    0.1938
    0.0796
   -0.0245
   -0.0541
   -0.0042
    0.0797
    0.2456
    0.0191
   -0.0033
   -0.0118
    1.8450

Objective function
    0.2996

theta:
    2.2290
   26.9939
   10.9611


Local minimum found.

Optimization completed because the size of the gradient is less than
the value of the optimality tolerance.


Local minimum found.

Optimization completed because the size of the gradient is less than
the value of the optimality tolerance.


Local minimum found.

Optimization completed because the size of the gradient is less than
the value of the optimality tolerance.


Local minimum found.

Optimization completed because the size of the gradient is less than
the value of the optimality tolerance.


Local minimum found.

Optimization completed because the size of the gradient is less than
the value of the optimality tolerance.


Local minimum found.

Optimization completed because the size of the gradient is less than
the value of the optimality tolerance.


Local minimum found.

Optimization completed because the size of the gradient is less than
the value of the optimality tolerance.


Local minimum found.

Optimization completed because the size of the gradient is less than
the value of the optimality tolerance.


Local minimum found.

Optimization completed because the size of the gradient is less than
the value of the optimality tolerance.


Local minimum found.

Optimization completed because the size of the gradient is less than
the value of the optimality tolerance.

Auxiliary model:
    0.1980
    0.0824
   -0.0254
   -0.0551
   -0.0042
    0.0810
    0.2520
    0.0191
   -0.0033
   -0.0118
    1.8450

Objective function
    0.3011

theta:
    2.2464
   26.9962
   10.9694


Local minimum found.

Optimization completed because the size of the gradient is less than
the value of the optimality tolerance.


Local minimum found.

Optimization completed because the size of the gradient is less than
the value of the optimality tolerance.


Local minimum found.

Optimization completed because the size of the gradient is less than
the value of the optimality tolerance.


Local minimum found.

Optimization completed because the size of the gradient is less than
the value of the optimality tolerance.


Local minimum found.

Optimization completed because the size of the gradient is less than
the value of the optimality tolerance.


Local minimum found.

Optimization completed because the size of the gradient is less than
the value of the optimality tolerance.


Local minimum found.

Optimization completed because the size of the gradient is less than
the value of the optimality tolerance.


Local minimum found.

Optimization completed because the size of the gradient is less than
the value of the optimality tolerance.


Local minimum found.

Optimization completed because the size of the gradient is less than
the value of the optimality tolerance.


Local minimum found.

Optimization completed because the size of the gradient is less than
the value of the optimality tolerance.

Auxiliary model:
    0.2002
    0.0837
   -0.0256
   -0.0556
   -0.0043
    0.0819
    0.2543
    0.0191
   -0.0033
   -0.0118
    1.8450

Objective function
    0.3019

theta:
    2.2550
   26.9973
   10.9736


Local minimum found.

Optimization completed because the size of the gradient is less than
the value of the optimality tolerance.


Local minimum found.

Optimization completed because the size of the gradient is less than
the value of the optimality tolerance.


Local minimum found.

Optimization completed because the size of the gradient is less than
the value of the optimality tolerance.


Local minimum found.

Optimization completed because the size of the gradient is less than
the value of the optimality tolerance.


Local minimum found.

Optimization completed because the size of the gradient is less than
the value of the optimality tolerance.


Local minimum found.

Optimization completed because the size of the gradient is less than
the value of the optimality tolerance.


Local minimum found.

Optimization completed because the size of the gradient is less than
the value of the optimality tolerance.


Local minimum found.

Optimization completed because the size of the gradient is less than
the value of the optimality tolerance.


Local minimum found.

Optimization completed because the size of the gradient is less than
the value of the optimality tolerance.


Local minimum found.

Optimization completed because the size of the gradient is less than
the value of the optimality tolerance.

Auxiliary model:
    0.2012
    0.0844
   -0.0256
   -0.0558
   -0.0043
    0.0822
    0.2551
    0.0191
   -0.0033
   -0.0118
    1.8450

Objective function
    0.3022

theta:
    2.2594
   26.9979
   10.9757


Local minimum found.

Optimization completed because the size of the gradient is less than
the value of the optimality tolerance.


Local minimum found.

Optimization completed because the size of the gradient is less than
the value of the optimality tolerance.


Local minimum found.

Optimization completed because the size of the gradient is less than
the value of the optimality tolerance.


Local minimum found.

Optimization completed because the size of the gradient is less than
the value of the optimality tolerance.


Local minimum found.

Optimization completed because the size of the gradient is less than
the value of the optimality tolerance.


Local minimum found.

Optimization completed because the size of the gradient is less than
the value of the optimality tolerance.


Local minimum found.

Optimization completed because the size of the gradient is less than
the value of the optimality tolerance.


Local minimum found.

Optimization completed because the size of the gradient is less than
the value of the optimality tolerance.


Local minimum found.

Optimization completed because the size of the gradient is less than
the value of the optimality tolerance.


Local minimum found.

Optimization completed because the size of the gradient is less than
the value of the optimality tolerance.

Auxiliary model:
    0.2014
    0.0848
   -0.0254
   -0.0559
   -0.0042
    0.0822
    0.2551
    0.0191
   -0.0033
   -0.0118
    1.8450

Objective function
    0.3022

theta:
    2.2615
   26.9982
   10.9767


Local minimum found.

Optimization completed because the size of the gradient is less than
the value of the optimality tolerance.


Local minimum found.

Optimization completed because the size of the gradient is less than
the value of the optimality tolerance.


Local minimum found.

Optimization completed because the size of the gradient is less than
the value of the optimality tolerance.


Local minimum found.

Optimization completed because the size of the gradient is less than
the value of the optimality tolerance.


Local minimum found.

Optimization completed because the size of the gradient is less than
the value of the optimality tolerance.


Local minimum found.

Optimization completed because the size of the gradient is less than
the value of the optimality tolerance.


Local minimum found.

Optimization completed because the size of the gradient is less than
the value of the optimality tolerance.


Local minimum found.

Optimization completed because the size of the gradient is less than
the value of the optimality tolerance.


Local minimum found.

Optimization completed because the size of the gradient is less than
the value of the optimality tolerance.


Local minimum found.

Optimization completed because the size of the gradient is less than
the value of the optimality tolerance.

Auxiliary model:
    0.2023
    0.0850
   -0.0255
   -0.0561
   -0.0042
    0.0824
    0.2563
    0.0191
   -0.0033
   -0.0118
    1.8450

Objective function
    0.3025

theta:
    2.2626
   26.9983
   10.9772


Local minimum found.

Optimization completed because the size of the gradient is less than
the value of the optimality tolerance.


Local minimum found.

Optimization completed because the size of the gradient is less than
the value of the optimality tolerance.


Local minimum found.

Optimization completed because the size of the gradient is less than
the value of the optimality tolerance.


Local minimum found.

Optimization completed because the size of the gradient is less than
the value of the optimality tolerance.


Local minimum found.

Optimization completed because the size of the gradient is less than
the value of the optimality tolerance.


Local minimum found.

Optimization completed because the size of the gradient is less than
the value of the optimality tolerance.


Local minimum found.

Optimization completed because the size of the gradient is less than
the value of the optimality tolerance.


Local minimum found.

Optimization completed because the size of the gradient is less than
the value of the optimality tolerance.


Local minimum found.

Optimization completed because the size of the gradient is less than
the value of the optimality tolerance.


Local minimum found.

Optimization completed because the size of the gradient is less than
the value of the optimality tolerance.

Auxiliary model:
    0.2022
    0.0850
   -0.0253
   -0.0560
   -0.0042
    0.0823
    0.2556
    0.0191
   -0.0033
   -0.0118
    1.8450

Objective function
    0.3024

theta:
    2.2632
   26.9984
   10.9775


Local minimum found.

Optimization completed because the size of the gradient is less than
the value of the optimality tolerance.


Local minimum found.

Optimization completed because the size of the gradient is less than
the value of the optimality tolerance.


Local minimum found.

Optimization completed because the size of the gradient is less than
the value of the optimality tolerance.


Local minimum found.

Optimization completed because the size of the gradient is less than
the value of the optimality tolerance.


Local minimum found.

Optimization completed because the size of the gradient is less than
the value of the optimality tolerance.


Local minimum found.

Optimization completed because the size of the gradient is less than
the value of the optimality tolerance.


Local minimum found.

Optimization completed because the size of the gradient is less than
the value of the optimality tolerance.


Local minimum found.

Optimization completed because the size of the gradient is less than
the value of the optimality tolerance.


Local minimum found.

Optimization completed because the size of the gradient is less than
the value of the optimality tolerance.


Local minimum found.

Optimization completed because the size of the gradient is less than
the value of the optimality tolerance.

Auxiliary model:
    0.2018
    0.0852
   -0.0257
   -0.0560
   -0.0042
    0.0823
    0.2562
    0.0191
   -0.0033
   -0.0118
    1.8450

Objective function
    0.3025

theta:
    2.2634
   26.9984
   10.9776


Local minimum found.

Optimization completed because the size of the gradient is less than
the value of the optimality tolerance.


Local minimum found.

Optimization completed because the size of the gradient is less than
the value of the optimality tolerance.


Local minimum found.

Optimization completed because the size of the gradient is less than
the value of the optimality tolerance.


Local minimum found.

Optimization completed because the size of the gradient is less than
the value of the optimality tolerance.


Local minimum found.

Optimization completed because the size of the gradient is less than
the value of the optimality tolerance.


Local minimum found.

Optimization completed because the size of the gradient is less than
the value of the optimality tolerance.


Local minimum found.

Optimization completed because the size of the gradient is less than
the value of the optimality tolerance.


Local minimum found.

Optimization completed because the size of the gradient is less than
the value of the optimality tolerance.


Local minimum found.

Optimization completed because the size of the gradient is less than
the value of the optimality tolerance.


Local minimum found.

Optimization completed because the size of the gradient is less than
the value of the optimality tolerance.

Auxiliary model:
    0.2026
    0.0851
   -0.0251
   -0.0561
   -0.0042
    0.0825
    0.2554
    0.0191
   -0.0033
   -0.0118
    1.8450

Objective function
    0.3024

theta:
    2.2636
   26.9984
   10.9777


Local minimum found.

Optimization completed because the size of the gradient is less than
the value of the optimality tolerance.


Local minimum found.

Optimization completed because the size of the gradient is less than
the value of the optimality tolerance.


Local minimum found.

Optimization completed because the size of the gradient is less than
the value of the optimality tolerance.


Local minimum found.

Optimization completed because the size of the gradient is less than
the value of the optimality tolerance.


Local minimum found.

Optimization completed because the size of the gradient is less than
the value of the optimality tolerance.


Local minimum found.

Optimization completed because the size of the gradient is less than
the value of the optimality tolerance.


Local minimum found.

Optimization completed because the size of the gradient is less than
the value of the optimality tolerance.


Local minimum found.

Optimization completed because the size of the gradient is less than
the value of the optimality tolerance.


Local minimum found.

Optimization completed because the size of the gradient is less than
the value of the optimality tolerance.


Local minimum found.

Optimization completed because the size of the gradient is less than
the value of the optimality tolerance.

Auxiliary model:
    0.2027
    0.0851
   -0.0254
   -0.0561
   -0.0042
    0.0824
    0.2562
    0.0191
   -0.0033
   -0.0118
    1.8450

Objective function
    0.3026

theta:
    2.2636
   26.9984
   10.9777


Local minimum found.

Optimization completed because the size of the gradient is less than
the value of the optimality tolerance.


Local minimum found.

Optimization completed because the size of the gradient is less than
the value of the optimality tolerance.


Local minimum found.

Optimization completed because the size of the gradient is less than
the value of the optimality tolerance.


Local minimum found.

Optimization completed because the size of the gradient is less than
the value of the optimality tolerance.


Local minimum found.

Optimization completed because the size of the gradient is less than
the value of the optimality tolerance.


Local minimum found.

Optimization completed because the size of the gradient is less than
the value of the optimality tolerance.


Local minimum found.

Optimization completed because the size of the gradient is less than
the value of the optimality tolerance.


Local minimum found.

Optimization completed because the size of the gradient is less than
the value of the optimality tolerance.


Local minimum found.

Optimization completed because the size of the gradient is less than
the value of the optimality tolerance.


Local minimum found.

Optimization completed because the size of the gradient is less than
the value of the optimality tolerance.

Auxiliary model:
    0.2025
    0.0851
   -0.0253
   -0.0561
   -0.0042
    0.0825
    0.2559
    0.0191
   -0.0033
   -0.0118
    1.8450

Objective function
    0.3025

theta:
    2.2637
   26.9984
   10.9777


Local minimum found.

Optimization completed because the size of the gradient is less than
the value of the optimality tolerance.


Local minimum found.

Optimization completed because the size of the gradient is less than
the value of the optimality tolerance.


Local minimum found.

Optimization completed because the size of the gradient is less than
the value of the optimality tolerance.


Local minimum found.

Optimization completed because the size of the gradient is less than
the value of the optimality tolerance.


Local minimum found.

Optimization completed because the size of the gradient is less than
the value of the optimality tolerance.


Local minimum found.

Optimization completed because the size of the gradient is less than
the value of the optimality tolerance.


Local minimum found.

Optimization completed because the size of the gradient is less than
the value of the optimality tolerance.


Local minimum found.

Optimization completed because the size of the gradient is less than
the value of the optimality tolerance.


Local minimum found.

Optimization completed because the size of the gradient is less than
the value of the optimality tolerance.


Local minimum found.

Optimization completed because the size of the gradient is less than
the value of the optimality tolerance.

Auxiliary model:
    0.2025
    0.0851
   -0.0253
   -0.0561
   -0.0042
    0.0825
    0.2558
    0.0191
   -0.0033
   -0.0118
    1.8450

Objective function
    0.3025

theta:
    2.2637
   26.9984
   10.9777


Local minimum found.

Optimization completed because the size of the gradient is less than
the value of the optimality tolerance.


Local minimum found.

Optimization completed because the size of the gradient is less than
the value of the optimality tolerance.


Local minimum found.

Optimization completed because the size of the gradient is less than
the value of the optimality tolerance.


Local minimum found.

Optimization completed because the size of the gradient is less than
the value of the optimality tolerance.


Local minimum found.

Optimization completed because the size of the gradient is less than
the value of the optimality tolerance.


Local minimum found.

Optimization completed because the size of the gradient is less than
the value of the optimality tolerance.


Local minimum found.

Optimization completed because the size of the gradient is less than
the value of the optimality tolerance.


Local minimum found.

Optimization completed because the size of the gradient is less than
the value of the optimality tolerance.


Local minimum found.

Optimization completed because the size of the gradient is less than
the value of the optimality tolerance.


Local minimum found.

Optimization completed because the size of the gradient is less than
the value of the optimality tolerance.

Auxiliary model:
    0.2025
    0.0851
   -0.0254
   -0.0561
   -0.0042
    0.0825
    0.2559
    0.0191
   -0.0033
   -0.0118
    1.8450

Objective function
    0.3025

theta:
    2.2637
   26.9984
   10.9777


Local minimum found.

Optimization completed because the size of the gradient is less than
the value of the optimality tolerance.


Local minimum found.

Optimization completed because the size of the gradient is less than
the value of the optimality tolerance.


Local minimum found.

Optimization completed because the size of the gradient is less than
the value of the optimality tolerance.


Local minimum found.

Optimization completed because the size of the gradient is less than
the value of the optimality tolerance.


Local minimum found.

Optimization completed because the size of the gradient is less than
the value of the optimality tolerance.


Local minimum found.

Optimization completed because the size of the gradient is less than
the value of the optimality tolerance.


Local minimum found.

Optimization completed because the size of the gradient is less than
the value of the optimality tolerance.


Local minimum found.

Optimization completed because the size of the gradient is less than
the value of the optimality tolerance.


Local minimum found.

Optimization completed because the size of the gradient is less than
the value of the optimality tolerance.


Local minimum found.

Optimization completed because the size of the gradient is less than
the value of the optimality tolerance.

Auxiliary model:
    0.2026
    0.0850
   -0.0252
   -0.0561
   -0.0043
    0.0825
    0.2558
    0.0191
   -0.0033
   -0.0118
    1.8450

Objective function
    0.3025

theta:
    2.2637
   26.9984
   10.9778


Local minimum found.

Optimization completed because the size of the gradient is less than
the value of the optimality tolerance.


Local minimum found.

Optimization completed because the size of the gradient is less than
the value of the optimality tolerance.


Local minimum found.

Optimization completed because the size of the gradient is less than
the value of the optimality tolerance.


Local minimum found.

Optimization completed because the size of the gradient is less than
the value of the optimality tolerance.


Local minimum found.

Optimization completed because the size of the gradient is less than
the value of the optimality tolerance.


Local minimum found.

Optimization completed because the size of the gradient is less than
the value of the optimality tolerance.


Local minimum found.

Optimization completed because the size of the gradient is less than
the value of the optimality tolerance.


Local minimum found.

Optimization completed because the size of the gradient is less than
the value of the optimality tolerance.


Local minimum found.

Optimization completed because the size of the gradient is less than
the value of the optimality tolerance.


Local minimum found.

Optimization completed because the size of the gradient is less than
the value of the optimality tolerance.

Auxiliary model:
    0.2024
    0.0851
   -0.0253
   -0.0560
   -0.0042
    0.0824
    0.2557
    0.0191
   -0.0033
   -0.0118
    1.8450

Objective function
    0.3024

theta:
    2.2637
   26.9984
   10.9778


Local minimum found.

Optimization completed because the size of the gradient is less than
the value of the optimality tolerance.


Local minimum found.

Optimization completed because the size of the gradient is less than
the value of the optimality tolerance.


Local minimum found.

Optimization completed because the size of the gradient is less than
the value of the optimality tolerance.


Local minimum found.

Optimization completed because the size of the gradient is less than
the value of the optimality tolerance.


Local minimum found.

Optimization completed because the size of the gradient is less than
the value of the optimality tolerance.


Local minimum found.

Optimization completed because the size of the gradient is less than
the value of the optimality tolerance.


Local minimum found.

Optimization completed because the size of the gradient is less than
the value of the optimality tolerance.


Local minimum found.

Optimization completed because the size of the gradient is less than
the value of the optimality tolerance.


Local minimum found.

Optimization completed because the size of the gradient is less than
the value of the optimality tolerance.


Local minimum found.

Optimization completed because the size of the gradient is less than
the value of the optimality tolerance.

Auxiliary model:
    0.2024
    0.0852
   -0.0253
   -0.0561
   -0.0042
    0.0825
    0.2559
    0.0191
   -0.0033
   -0.0118
    1.8450

Objective function
    0.3025

theta:
    2.2637
   26.9984
   10.9778


Local minimum found.

Optimization completed because the size of the gradient is less than
the value of the optimality tolerance.


Local minimum found.

Optimization completed because the size of the gradient is less than
the value of the optimality tolerance.


Local minimum found.

Optimization completed because the size of the gradient is less than
the value of the optimality tolerance.


Local minimum found.

Optimization completed because the size of the gradient is less than
the value of the optimality tolerance.


Local minimum found.

Optimization completed because the size of the gradient is less than
the value of the optimality tolerance.


Local minimum found.

Optimization completed because the size of the gradient is less than
the value of the optimality tolerance.


Local minimum found.

Optimization completed because the size of the gradient is less than
the value of the optimality tolerance.


Local minimum found.

Optimization completed because the size of the gradient is less than
the value of the optimality tolerance.


Local minimum found.

Optimization completed because the size of the gradient is less than
the value of the optimality tolerance.


Local minimum found.

Optimization completed because the size of the gradient is less than
the value of the optimality tolerance.

Auxiliary model:
    0.2025
    0.0851
   -0.0254
   -0.0561
   -0.0042
    0.0824
    0.2563
    0.0191
   -0.0033
   -0.0118
    1.8450

Objective function
    0.3025

theta:
    2.2637
   26.9984
   10.9778


Local minimum found.

Optimization completed because the size of the gradient is less than
the value of the optimality tolerance.


Local minimum found.

Optimization completed because the size of the gradient is less than
the value of the optimality tolerance.


Local minimum found.

Optimization completed because the size of the gradient is less than
the value of the optimality tolerance.


Local minimum found.

Optimization completed because the size of the gradient is less than
the value of the optimality tolerance.


Local minimum found.

Optimization completed because the size of the gradient is less than
the value of the optimality tolerance.


Local minimum found.

Optimization completed because the size of the gradient is less than
the value of the optimality tolerance.


Local minimum found.

Optimization completed because the size of the gradient is less than
the value of the optimality tolerance.


Local minimum found.

Optimization completed because the size of the gradient is less than
the value of the optimality tolerance.


Local minimum found.

Optimization completed because the size of the gradient is less than
the value of the optimality tolerance.


Local minimum found.

Optimization completed because the size of the gradient is less than
the value of the optimality tolerance.

Auxiliary model:
    0.2026
    0.0850
   -0.0252
   -0.0560
   -0.0042
    0.0823
    0.2559
    0.0191
   -0.0033
   -0.0118
    1.8450

Objective function
    0.3025

theta:
    2.2637
   26.9984
   10.9778


Local minimum found.

Optimization completed because the size of the gradient is less than
the value of the optimality tolerance.


Local minimum found.

Optimization completed because the size of the gradient is less than
the value of the optimality tolerance.


Local minimum found.

Optimization completed because the size of the gradient is less than
the value of the optimality tolerance.


Local minimum found.

Optimization completed because the size of the gradient is less than
the value of the optimality tolerance.


Local minimum found.

Optimization completed because the size of the gradient is less than
the value of the optimality tolerance.


Local minimum found.

Optimization completed because the size of the gradient is less than
the value of the optimality tolerance.


Local minimum found.

Optimization completed because the size of the gradient is less than
the value of the optimality tolerance.


Local minimum found.

Optimization completed because the size of the gradient is less than
the value of the optimality tolerance.


Local minimum found.

Optimization completed because the size of the gradient is less than
the value of the optimality tolerance.


Local minimum found.

Optimization completed because the size of the gradient is less than
the value of the optimality tolerance.

Auxiliary model:
    0.2020
    0.0852
   -0.0256
   -0.0560
   -0.0042
    0.0825
    0.2557
    0.0191
   -0.0033
   -0.0118
    1.8450

Objective function
    0.3024

theta:
    2.2637
   26.9984
   10.9778


Local minimum found.

Optimization completed because the size of the gradient is less than
the value of the optimality tolerance.


Local minimum found.

Optimization completed because the size of the gradient is less than
the value of the optimality tolerance.


Local minimum found.

Optimization completed because the size of the gradient is less than
the value of the optimality tolerance.


Local minimum found.

Optimization completed because the size of the gradient is less than
the value of the optimality tolerance.


Local minimum found.

Optimization completed because the size of the gradient is less than
the value of the optimality tolerance.


Local minimum found.

Optimization completed because the size of the gradient is less than
the value of the optimality tolerance.


Local minimum found.

Optimization completed because the size of the gradient is less than
the value of the optimality tolerance.


Local minimum found.

Optimization completed because the size of the gradient is less than
the value of the optimality tolerance.


Local minimum found.

Optimization completed because the size of the gradient is less than
the value of the optimality tolerance.


Local minimum found.

Optimization completed because the size of the gradient is less than
the value of the optimality tolerance.

Auxiliary model:
    0.2022
    0.0851
   -0.0255
   -0.0560
   -0.0042
    0.0825
    0.2557
    0.0191
   -0.0033
   -0.0118
    1.8450

Objective function
    0.3025

theta:
    2.2637
   26.9984
   10.9778


Local minimum found.

Optimization completed because the size of the gradient is less than
the value of the optimality tolerance.


Local minimum found.

Optimization completed because the size of the gradient is less than
the value of the optimality tolerance.


Local minimum found.

Optimization completed because the size of the gradient is less than
the value of the optimality tolerance.


Local minimum found.

Optimization completed because the size of the gradient is less than
the value of the optimality tolerance.


Local minimum found.

Optimization completed because the size of the gradient is less than
the value of the optimality tolerance.


Local minimum found.

Optimization completed because the size of the gradient is less than
the value of the optimality tolerance.


Local minimum found.

Optimization completed because the size of the gradient is less than
the value of the optimality tolerance.


Local minimum found.

Optimization completed because the size of the gradient is less than
the value of the optimality tolerance.


Local minimum found.

Optimization completed because the size of the gradient is less than
the value of the optimality tolerance.


Local minimum found.

Optimization completed because the size of the gradient is less than
the value of the optimality tolerance.

Auxiliary model:
    0.2020
    0.0851
   -0.0261
   -0.0560
   -0.0043
    0.0825
    0.2568
    0.0191
   -0.0033
   -0.0118
    1.8450

Objective function
    0.3026

theta:
    2.2637
   26.9984
   10.9778


Local minimum found.

Optimization completed because the size of the gradient is less than
the value of the optimality tolerance.


Local minimum found.

Optimization completed because the size of the gradient is less than
the value of the optimality tolerance.


Local minimum found.

Optimization completed because the size of the gradient is less than
the value of the optimality tolerance.


Local minimum found.

Optimization completed because the size of the gradient is less than
the value of the optimality tolerance.


Local minimum found.

Optimization completed because the size of the gradient is less than
the value of the optimality tolerance.


Local minimum found.

Optimization completed because the size of the gradient is less than
the value of the optimality tolerance.


Local minimum found.

Optimization completed because the size of the gradient is less than
the value of the optimality tolerance.


Local minimum found.

Optimization completed because the size of the gradient is less than
the value of the optimality tolerance.


Local minimum found.

Optimization completed because the size of the gradient is less than
the value of the optimality tolerance.


Local minimum found.

Optimization completed because the size of the gradient is less than
the value of the optimality tolerance.

Auxiliary model:
    0.2025
    0.0850
   -0.0253
   -0.0560
   -0.0042
    0.0825
    0.2555
    0.0191
   -0.0033
   -0.0118
    1.8450

Objective function
    0.3024

theta:
    2.2637
   26.9984
   10.9778


Local minimum found.

Optimization completed because the size of the gradient is less than
the value of the optimality tolerance.


Local minimum found.

Optimization completed because the size of the gradient is less than
the value of the optimality tolerance.


Local minimum found.

Optimization completed because the size of the gradient is less than
the value of the optimality tolerance.


Local minimum found.

Optimization completed because the size of the gradient is less than
the value of the optimality tolerance.


Local minimum found.

Optimization completed because the size of the gradient is less than
the value of the optimality tolerance.


Local minimum found.

Optimization completed because the size of the gradient is less than
the value of the optimality tolerance.


Local minimum found.

Optimization completed because the size of the gradient is less than
the value of the optimality tolerance.


Local minimum found.

Optimization completed because the size of the gradient is less than
the value of the optimality tolerance.


Local minimum found.

Optimization completed because the size of the gradient is less than
the value of the optimality tolerance.


Local minimum found.

Optimization completed because the size of the gradient is less than
the value of the optimality tolerance.

Auxiliary model:
    0.2026
    0.0852
   -0.0251
   -0.0561
   -0.0042
    0.0825
    0.2555
    0.0191
   -0.0033
   -0.0118
    1.8450

Objective function
    0.3024

theta:
    2.2637
   26.9984
   10.9778


Local minimum found.

Optimization completed because the size of the gradient is less than
the value of the optimality tolerance.


Local minimum found.

Optimization completed because the size of the gradient is less than
the value of the optimality tolerance.


Local minimum found.

Optimization completed because the size of the gradient is less than
the value of the optimality tolerance.


Local minimum found.

Optimization completed because the size of the gradient is less than
the value of the optimality tolerance.


Local minimum found.

Optimization completed because the size of the gradient is less than
the value of the optimality tolerance.


Local minimum found.

Optimization completed because the size of the gradient is less than
the value of the optimality tolerance.


Local minimum found.

Optimization completed because the size of the gradient is less than
the value of the optimality tolerance.


Local minimum found.

Optimization completed because the size of the gradient is less than
the value of the optimality tolerance.


Local minimum found.

Optimization completed because the size of the gradient is less than
the value of the optimality tolerance.


Local minimum found.

Optimization completed because the size of the gradient is less than
the value of the optimality tolerance.

Auxiliary model:
    0.2025
    0.0852
   -0.0255
   -0.0561
   -0.0042
    0.0824
    0.2566
    0.0191
   -0.0033
   -0.0118
    1.8450

Objective function
    0.3026

theta:
    2.2637
   26.9984
   10.9778


Local minimum found.

Optimization completed because the size of the gradient is less than
the value of the optimality tolerance.


Local minimum found.

Optimization completed because the size of the gradient is less than
the value of the optimality tolerance.


Local minimum found.

Optimization completed because the size of the gradient is less than
the value of the optimality tolerance.


Local minimum found.

Optimization completed because the size of the gradient is less than
the value of the optimality tolerance.


Local minimum found.

Optimization completed because the size of the gradient is less than
the value of the optimality tolerance.


Local minimum found.

Optimization completed because the size of the gradient is less than
the value of the optimality tolerance.


Local minimum found.

Optimization completed because the size of the gradient is less than
the value of the optimality tolerance.


Local minimum found.

Optimization completed because the size of the gradient is less than
the value of the optimality tolerance.


Local minimum found.

Optimization completed because the size of the gradient is less than
the value of the optimality tolerance.


Local minimum found.

Optimization completed because the size of the gradient is less than
the value of the optimality tolerance.

Auxiliary model:
    0.2025
    0.0851
   -0.0251
   -0.0561
   -0.0042
    0.0825
    0.2554
    0.0191
   -0.0033
   -0.0118
    1.8450

Objective function
    0.3024

theta:
    2.2637
   26.9984
   10.9778


Local minimum found.

Optimization completed because the size of the gradient is less than
the value of the optimality tolerance.


Local minimum found.

Optimization completed because the size of the gradient is less than
the value of the optimality tolerance.


Local minimum found.

Optimization completed because the size of the gradient is less than
the value of the optimality tolerance.


Local minimum found.

Optimization completed because the size of the gradient is less than
the value of the optimality tolerance.


Local minimum found.

Optimization completed because the size of the gradient is less than
the value of the optimality tolerance.


Local minimum found.

Optimization completed because the size of the gradient is less than
the value of the optimality tolerance.


Local minimum found.

Optimization completed because the size of the gradient is less than
the value of the optimality tolerance.


Local minimum found.

Optimization completed because the size of the gradient is less than
the value of the optimality tolerance.


Local minimum found.

Optimization completed because the size of the gradient is less than
the value of the optimality tolerance.


Local minimum found.

Optimization completed because the size of the gradient is less than
the value of the optimality tolerance.

Auxiliary model:
    0.2025
    0.0852
   -0.0255
   -0.0561
   -0.0042
    0.0824
    0.2565
    0.0191
   -0.0033
   -0.0118
    1.8450

Objective function
    0.3026

theta:
    2.2637
   26.9984
   10.9778


Local minimum found.

Optimization completed because the size of the gradient is less than
the value of the optimality tolerance.


Local minimum found.

Optimization completed because the size of the gradient is less than
the value of the optimality tolerance.


Local minimum found.

Optimization completed because the size of the gradient is less than
the value of the optimality tolerance.


Local minimum found.

Optimization completed because the size of the gradient is less than
the value of the optimality tolerance.


Local minimum found.

Optimization completed because the size of the gradient is less than
the value of the optimality tolerance.


Local minimum found.

Optimization completed because the size of the gradient is less than
the value of the optimality tolerance.


Local minimum found.

Optimization completed because the size of the gradient is less than
the value of the optimality tolerance.


Local minimum found.

Optimization completed because the size of the gradient is less than
the value of the optimality tolerance.


Local minimum found.

Optimization completed because the size of the gradient is less than
the value of the optimality tolerance.


Local minimum found.

Optimization completed because the size of the gradient is less than
the value of the optimality tolerance.

Auxiliary model:
    0.2022
    0.0849
   -0.0252
   -0.0560
   -0.0042
    0.0823
    0.2555
    0.0191
   -0.0033
   -0.0118
    1.8450

Objective function
    0.3024

theta:
    2.2637
   26.9984
   10.9778


Local minimum found.

Optimization completed because the size of the gradient is less than
the value of the optimality tolerance.


Local minimum found.

Optimization completed because the size of the gradient is less than
the value of the optimality tolerance.


Local minimum found.

Optimization completed because the size of the gradient is less than
the value of the optimality tolerance.


Local minimum found.

Optimization completed because the size of the gradient is less than
the value of the optimality tolerance.


Local minimum found.

Optimization completed because the size of the gradient is less than
the value of the optimality tolerance.


Local minimum found.

Optimization completed because the size of the gradient is less than
the value of the optimality tolerance.


Local minimum found.

Optimization completed because the size of the gradient is less than
the value of the optimality tolerance.


Local minimum found.

Optimization completed because the size of the gradient is less than
the value of the optimality tolerance.


Local minimum found.

Optimization completed because the size of the gradient is less than
the value of the optimality tolerance.


Local minimum found.

Optimization completed because the size of the gradient is less than
the value of the optimality tolerance.

Auxiliary model:
    0.2023
    0.0850
   -0.0251
   -0.0560
   -0.0043
    0.0824
    0.2552
    0.0191
   -0.0033
   -0.0118
    1.8450

Objective function
    0.3024

theta:
    2.2637
   26.9984
   10.9778


Local minimum found.

Optimization completed because the size of the gradient is less than
the value of the optimality tolerance.


Local minimum found.

Optimization completed because the size of the gradient is less than
the value of the optimality tolerance.


Local minimum found.

Optimization completed because the size of the gradient is less than
the value of the optimality tolerance.


Local minimum found.

Optimization completed because the size of the gradient is less than
the value of the optimality tolerance.


Local minimum found.

Optimization completed because the size of the gradient is less than
the value of the optimality tolerance.


Local minimum found.

Optimization completed because the size of the gradient is less than
the value of the optimality tolerance.


Local minimum found.

Optimization completed because the size of the gradient is less than
the value of the optimality tolerance.


Local minimum found.

Optimization completed because the size of the gradient is less than
the value of the optimality tolerance.


Local minimum found.

Optimization completed because the size of the gradient is less than
the value of the optimality tolerance.


Local minimum found.

Optimization completed because the size of the gradient is less than
the value of the optimality tolerance.

Auxiliary model:
    0.2022
    0.0850
   -0.0251
   -0.0560
   -0.0042
    0.0824
    0.2551
    0.0191
   -0.0033
   -0.0118
    1.8450

Objective function
    0.3023

theta:
    2.2637
   26.9984
   10.9778


Local minimum found.

Optimization completed because the size of the gradient is less than
the value of the optimality tolerance.


Local minimum found.

Optimization completed because the size of the gradient is less than
the value of the optimality tolerance.


Local minimum found.

Optimization completed because the size of the gradient is less than
the value of the optimality tolerance.


Local minimum found.

Optimization completed because the size of the gradient is less than
the value of the optimality tolerance.


Local minimum found.

Optimization completed because the size of the gradient is less than
the value of the optimality tolerance.


Local minimum found.

Optimization completed because the size of the gradient is less than
the value of the optimality tolerance.


Local minimum found.

Optimization completed because the size of the gradient is less than
the value of the optimality tolerance.


Local minimum found.

Optimization completed because the size of the gradient is less than
the value of the optimality tolerance.


Local minimum found.

Optimization completed because the size of the gradient is less than
the value of the optimality tolerance.


Local minimum found.

Optimization completed because the size of the gradient is less than
the value of the optimality tolerance.

Auxiliary model:
    0.2021
    0.0851
   -0.0254
   -0.0560
   -0.0042
    0.0824
    0.2555
    0.0191
   -0.0033
   -0.0118
    1.8450

Objective function
    0.3024

theta:
    4.8309
   31.7583
    0.0648


Local minimum found.

Optimization completed because the size of the gradient is less than
the value of the optimality tolerance.


Local minimum found.

Optimization completed because the size of the gradient is less than
the value of the optimality tolerance.


Local minimum found.

Optimization completed because the size of the gradient is less than
the value of the optimality tolerance.


Local minimum found.

Optimization completed because the size of the gradient is less than
the value of the optimality tolerance.


Local minimum found.

Optimization completed because the size of the gradient is less than
the value of the optimality tolerance.


Local minimum found.

Optimization completed because the size of the gradient is less than
the value of the optimality tolerance.


Local minimum found.

Optimization completed because the size of the gradient is less than
the value of the optimality tolerance.


Local minimum found.

Optimization completed because the size of the gradient is less than
the value of the optimality tolerance.


Local minimum found.

Optimization completed because the size of the gradient is less than
the value of the optimality tolerance.


Local minimum found.

Optimization completed because the size of the gradient is less than
the value of the optimality tolerance.

Auxiliary model:
    0.5203
    0.4221
   -0.0617
   -0.1270
   -0.0035
    0.1803
    0.6453
    0.0191
   -0.0033
   -0.0118
    1.8450

Objective function
    0.8098

theta:
    2.2637
   26.9984
   10.9778


Local minimum found.

Optimization completed because the size of the gradient is less than
the value of the optimality tolerance.


Local minimum found.

Optimization completed because the size of the gradient is less than
the value of the optimality tolerance.


Local minimum found.

Optimization completed because the size of the gradient is less than
the value of the optimality tolerance.


Local minimum found.

Optimization completed because the size of the gradient is less than
the value of the optimality tolerance.


Local minimum found.

Optimization completed because the size of the gradient is less than
the value of the optimality tolerance.


Local minimum found.

Optimization completed because the size of the gradient is less than
the value of the optimality tolerance.


Local minimum found.

Optimization completed because the size of the gradient is less than
the value of the optimality tolerance.


Local minimum found.

Optimization completed because the size of the gradient is less than
the value of the optimality tolerance.


Local minimum found.

Optimization completed because the size of the gradient is less than
the value of the optimality tolerance.


Local minimum found.

Optimization completed because the size of the gradient is less than
the value of the optimality tolerance.

Auxiliary model:
    0.2026
    0.0851
   -0.0253
   -0.0561
   -0.0042
    0.0823
    0.2564
    0.0191
   -0.0033
   -0.0118
    1.8450

Objective function
    0.3026

theta:
    2.2637
   26.9984
   10.9778


Local minimum found.

Optimization completed because the size of the gradient is less than
the value of the optimality tolerance.


Local minimum found.

Optimization completed because the size of the gradient is less than
the value of the optimality tolerance.


Local minimum found.

Optimization completed because the size of the gradient is less than
the value of the optimality tolerance.


Local minimum found.

Optimization completed because the size of the gradient is less than
the value of the optimality tolerance.


Local minimum found.

Optimization completed because the size of the gradient is less than
the value of the optimality tolerance.


Local minimum found.

Optimization completed because the size of the gradient is less than
the value of the optimality tolerance.


Local minimum found.

Optimization completed because the size of the gradient is less than
the value of the optimality tolerance.


Local minimum found.

Optimization completed because the size of the gradient is less than
the value of the optimality tolerance.


Local minimum found.

Optimization completed because the size of the gradient is less than
the value of the optimality tolerance.


Local minimum found.

Optimization completed because the size of the gradient is less than
the value of the optimality tolerance.

Auxiliary model:
    0.2022
    0.0851
   -0.0258
   -0.0560
   -0.0042
    0.0825
    0.2566
    0.0191
   -0.0033
   -0.0118
    1.8450

Objective function
    0.3026

theta:
    2.2637
   26.9984
   10.9778


Local minimum found.

Optimization completed because the size of the gradient is less than
the value of the optimality tolerance.


Local minimum found.

Optimization completed because the size of the gradient is less than
the value of the optimality tolerance.


Local minimum found.

Optimization completed because the size of the gradient is less than
the value of the optimality tolerance.


Local minimum found.

Optimization completed because the size of the gradient is less than
the value of the optimality tolerance.


Local minimum found.

Optimization completed because the size of the gradient is less than
the value of the optimality tolerance.


Local minimum found.

Optimization completed because the size of the gradient is less than
the value of the optimality tolerance.


Local minimum found.

Optimization completed because the size of the gradient is less than
the value of the optimality tolerance.


Local minimum found.

Optimization completed because the size of the gradient is less than
the value of the optimality tolerance.


Local minimum found.

Optimization completed because the size of the gradient is less than
the value of the optimality tolerance.


Local minimum found.

Optimization completed because the size of the gradient is less than
the value of the optimality tolerance.

Auxiliary model:
    0.2019
    0.0852
   -0.0257
   -0.0560
   -0.0042
    0.0824
    0.2562
    0.0191
   -0.0033
   -0.0118
    1.8450

Objective function
    0.3025


Local minimum possible. Constraints satisfied.

fmincon stopped because the size of the current step is less than
the value of the step size tolerance and constraints are 
satisfied to within the value of the constraint tolerance.

Outer loop optimization finished
    2.2637
   26.9984
   10.9778


ans =

        2021           1          22          12          30          20

