Starting parallel pool (parpool) using the 'local' profile ...
Connected to the parallel pool (number of workers: 12).
Number of entrants
     3

Number of entrants
     3

Number of entrants
     3

Number of entrants
     6

Number of entrants
     3

Number of entrants
     9

Number of entrants
    10

Number of entrants
     6

Number of entrants
     1

Number of entrants
     8

Number of entrants
     9

Number of entrants
     2

Number of entrants
     6

True auxiliary model parameters
   1.0e+03 *

    0.0395
    3.5461
    0.0182
   -0.0986
    0.0755
   -0.0000
    0.0208


Local minimum found.

Optimization completed because the size of the gradient is less than
the value of the optimality tolerance.


Local minimum found.

Optimization completed because the size of the gradient is less than
the value of the optimality tolerance.


Local minimum found.

Optimization completed because the size of the gradient is less than
the value of the optimality tolerance.


Local minimum found.

Optimization completed because the size of the gradient is less than
the value of the optimality tolerance.


Local minimum found.

Optimization completed because the size of the gradient is less than
the value of the optimality tolerance.


Local minimum found.

Optimization completed because the size of the gradient is less than
the value of the optimality tolerance.


Local minimum found.

Optimization completed because the size of the gradient is less than
the value of the optimality tolerance.


Local minimum found.

Optimization completed because the size of the gradient is less than
the value of the optimality tolerance.


Local minimum found.

Optimization completed because the size of the gradient is less than
the value of the optimality tolerance.


Local minimum found.

Optimization completed because the size of the gradient is less than
the value of the optimality tolerance.


Local minimum found.

Optimization completed because the size of the gradient is less than
the value of the optimality tolerance.


Local minimum found.

Optimization completed because the size of the gradient is less than
the value of the optimality tolerance.


Local minimum found.

Optimization completed because the size of the gradient is less than
the value of the optimality tolerance.

Auxiliary model:
    0.0531
    0.0128
   -0.0016
   -0.0006
    0.0006
    0.0004
    0.0039

Objective function
   1.2592e+07


ans =

        2021           3          24          21           2          33

Checking dimensions
  Columns 1 through 7

    0.0439    0.0454    0.0690    0.0368    0.0487    0.0411    0.0661
    0.0111    0.0078    0.0160    0.0078    0.0143    0.0104    0.0128
    0.0165    0.0077   -0.0095    0.0061    0.0023    0.0084   -0.0244
   -0.0203   -0.0044    0.0015   -0.0022    0.0076    0.0009    0.0107
    0.0152    0.0008    0.0010   -0.0001   -0.0089   -0.0039   -0.0040
    0.0004    0.0003    0.0005    0.0003    0.0004    0.0005    0.0004
   -0.0331   -0.0041    0.0165   -0.0086   -0.0030   -0.0153    0.0463

  Columns 8 through 14

    0.0677    0.0355    0.0553    0.0557    0.0476    0.0332    0.0601
    0.0170    0.0064    0.0118    0.0134    0.0122    0.0055    0.0167
   -0.0092    0.0056    0.0037   -0.0008    0.0014    0.0041   -0.0310
    0.0007   -0.0074   -0.0025    0.0024   -0.0023   -0.0066    0.0038
    0.0017    0.0043    0.0010   -0.0028    0.0023    0.0046    0.0049
    0.0005    0.0003    0.0004    0.0004    0.0004    0.0003    0.0005
    0.0187   -0.0035   -0.0062    0.0044   -0.0094   -0.0027    0.0607

  Columns 15 through 21

    0.0613    0.0658    0.0525    0.0543    0.0528    0.0593    0.0456
    0.0183    0.0153    0.0158    0.0107    0.0096    0.0163    0.0120
    0.0027   -0.0049    0.0008   -0.0026    0.0032   -0.0081    0.0060
   -0.0060    0.0033    0.0048    0.0009    0.0003    0.0027   -0.0079
    0.0042   -0.0025   -0.0052   -0.0008   -0.0025   -0.0014    0.0049
    0.0005    0.0005    0.0005    0.0004    0.0003    0.0005    0.0004
   -0.0004    0.0107   -0.0036    0.0087    0.0023    0.0209   -0.0048

  Columns 22 through 28

    0.0581    0.0441    0.0612    0.0710    0.0478    0.0703    0.0444
    0.0123    0.0127    0.0165    0.0189    0.0173    0.0184    0.0062
    0.0017    0.0017   -0.0112   -0.0008    0.0087   -0.0136    0.0083
    0.0012    0.0029    0.0045   -0.0025    0.0020    0.0045    0.0021
   -0.0024   -0.0038   -0.0012    0.0029   -0.0045   -0.0007   -0.0058
    0.0004    0.0005    0.0005    0.0005    0.0006    0.0005    0.0002
   -0.0010   -0.0040    0.0189   -0.0038   -0.0243    0.0226   -0.0088

  Columns 29 through 35

    0.0540    0.0563    0.0562    0.0678    0.0552    0.0638    0.0602
    0.0118    0.0162    0.0122    0.0193    0.0136    0.0179    0.0141
   -0.0011   -0.0000   -0.0140   -0.0108   -0.0051   -0.0182   -0.0029
    0.0006    0.0005    0.0053   -0.0005    0.0020   -0.0189    0.0010
   -0.0006   -0.0004   -0.0016    0.0033   -0.0002    0.0253   -0.0006
    0.0004    0.0005    0.0004    0.0005    0.0004    0.0005    0.0004
    0.0021   -0.0054    0.0289    0.0207    0.0055    0.0248    0.0056

  Columns 36 through 42

    0.0570    0.0534    0.0589    0.0319    0.0424    0.0473    0.0562
    0.0133    0.0181    0.0106    0.0048    0.0080    0.0115    0.0118
   -0.0051    0.0031   -0.0061    0.0141   -0.0003    0.0018   -0.0028
    0.0027    0.0039   -0.0038   -0.0046   -0.0005   -0.0048   -0.0046
   -0.0014   -0.0048    0.0050   -0.0008    0.0000    0.0037    0.0046
    0.0004    0.0006    0.0004    0.0003    0.0003    0.0005    0.0004
    0.0101   -0.0114    0.0130   -0.0185    0.0042   -0.0022    0.0103

  Columns 43 through 49

    0.0487    0.0556    0.0442    0.0512    0.0502    0.0669    0.0557
    0.0178    0.0099    0.0089    0.0122    0.0113    0.0180    0.0103
    0.0023   -0.0107    0.0073   -0.0014    0.0016   -0.0234   -0.0026
   -0.0038   -0.0007    0.0012   -0.0019    0.0033    0.0047   -0.0085
    0.0032    0.0035   -0.0039    0.0020   -0.0038    0.0035    0.0089
    0.0006    0.0003    0.0003    0.0004    0.0004    0.0005    0.0004
   -0.0128    0.0215   -0.0105    0.0022   -0.0056    0.0333    0.0058

  Columns 50 through 56

    0.0645    0.0446    0.0458    0.0407    0.0653    0.0626    0.0456
    0.0166    0.0088    0.0130    0.0072    0.0186    0.0152    0.0100
    0.0076    0.0154   -0.0039    0.0060    0.0070   -0.0037    0.0117
    0.0010   -0.0088   -0.0019    0.0002    0.0026    0.0017    0.0017
   -0.0036    0.0038    0.0027   -0.0025   -0.0053   -0.0005   -0.0060
    0.0004    0.0003    0.0004    0.0003    0.0005    0.0005    0.0003
   -0.0147   -0.0271    0.0080   -0.0074   -0.0130    0.0020   -0.0166

  Columns 57 through 63

    0.0525    0.0531    0.0545    0.0781    0.0475    0.0505    0.0711
    0.0106    0.0133    0.0158    0.0199    0.0186    0.0115    0.0154
   -0.0041   -0.0012    0.0046   -0.0205    0.0080    0.0111   -0.0135
   -0.0022   -0.0075    0.0005   -0.0167    0.0110    0.0101    0.0097
    0.0028    0.0075   -0.0028    0.0236   -0.0131   -0.0137   -0.0058
    0.0004    0.0004    0.0004    0.0005    0.0006    0.0004    0.0004
    0.0118    0.0028   -0.0045    0.0248   -0.0243   -0.0200    0.0202

  Columns 64 through 70

    0.0592    0.0604    0.0579    0.0575    0.0369    0.0610    0.0550
    0.0180    0.0192    0.0100    0.0148    0.0066    0.0140    0.0126
   -0.0131    0.0066    0.0051   -0.0016   -0.0040   -0.0072   -0.0069
   -0.0033   -0.0043    0.0048    0.0043   -0.0012    0.0016    0.0016
    0.0066    0.0026   -0.0073   -0.0043    0.0014   -0.0009    0.0004
    0.0005    0.0006    0.0003    0.0004    0.0003    0.0005    0.0004
    0.0270   -0.0209   -0.0024    0.0024    0.0153    0.0236    0.0122

  Columns 71 through 77

    0.0599    0.0578    0.0503    0.0457    0.0578    0.0485    0.0332
    0.0164    0.0133    0.0110    0.0131    0.0131    0.0082    0.0089
   -0.0094   -0.0015   -0.0027    0.0007    0.0025   -0.0110    0.0104
   -0.0023   -0.0006    0.0004    0.0040   -0.0007   -0.0067   -0.0176
    0.0051    0.0002   -0.0002   -0.0047   -0.0004    0.0091    0.0141
    0.0005    0.0004    0.0004    0.0004    0.0004    0.0004    0.0003
    0.0131    0.0075    0.0096   -0.0004   -0.0057    0.0262   -0.0186

  Columns 78 through 84

    0.0524    0.0505    0.0449    0.0423    0.0572    0.0517    0.0447
    0.0138    0.0094    0.0099    0.0071    0.0118    0.0146    0.0083
   -0.0172   -0.0036   -0.0021    0.0037   -0.0028    0.0076    0.0018
    0.0089   -0.0005   -0.0005   -0.0044   -0.0012    0.0020   -0.0003
   -0.0044    0.0011    0.0005    0.0028    0.0016   -0.0048   -0.0013
    0.0004    0.0003    0.0004    0.0003    0.0004    0.0005    0.0004
    0.0359    0.0106    0.0068   -0.0035    0.0057   -0.0134    0.0036

  Columns 85 through 91

    0.0477    0.0479    0.0415    0.0586    0.0503    0.0482    0.0510
    0.0114    0.0104    0.0083    0.0128    0.0132    0.0092    0.0131
    0.0085   -0.0027    0.0048   -0.0014    0.0078    0.0013    0.0004
   -0.0029    0.0003    0.0012   -0.0032    0.0004    0.0055    0.0014
    0.0001    0.0003   -0.0032    0.0031   -0.0031   -0.0063   -0.0025
    0.0004    0.0004    0.0004    0.0004    0.0004    0.0003    0.0004
   -0.0179    0.0046   -0.0059    0.0043   -0.0138   -0.0009    0.0057

  Columns 92 through 98

    0.0527    0.0432    0.0645    0.0455    0.0427    0.0676    0.0589
    0.0153    0.0083    0.0172    0.0085    0.0100    0.0145    0.0172
   -0.0038    0.0026   -0.0196   -0.0065   -0.0022   -0.0261   -0.0098
   -0.0021   -0.0037    0.0011   -0.0042    0.0025    0.0072   -0.0085
    0.0028    0.0019    0.0048    0.0053   -0.0027    0.0003    0.0112
    0.0005    0.0003    0.0005    0.0004    0.0004    0.0004    0.0005
    0.0073    0.0022    0.0357    0.0173    0.0080    0.0466    0.0157

  Columns 99 through 100

    0.0520    0.0451
    0.0123    0.0126
   -0.0050    0.0105
   -0.0015   -0.0064
    0.0021    0.0029
    0.0004    0.0005
    0.0148   -0.0232

    0.0531
    0.0128
   -0.0016
   -0.0006
    0.0006
    0.0004
    0.0039

   1.0e+03 *

    0.0395
    3.5461
    0.0182
   -0.0986
    0.0755
   -0.0000
    0.0208


Local minimum found.

Optimization completed because the size of the gradient is less than
the value of the optimality tolerance.


Local minimum found.

Optimization completed because the size of the gradient is less than
the value of the optimality tolerance.


Local minimum found.

Optimization completed because the size of the gradient is less than
the value of the optimality tolerance.


Local minimum found.

Optimization completed because the size of the gradient is less than
the value of the optimality tolerance.


Local minimum found.

Optimization completed because the size of the gradient is less than
the value of the optimality tolerance.


Local minimum found.

Optimization completed because the size of the gradient is less than
the value of the optimality tolerance.


Local minimum found.

Optimization completed because the size of the gradient is less than
the value of the optimality tolerance.


Local minimum found.

Optimization completed because the size of the gradient is less than
the value of the optimality tolerance.


Local minimum found.

Optimization completed because the size of the gradient is less than
the value of the optimality tolerance.


Local minimum found.

Optimization completed because the size of the gradient is less than
the value of the optimality tolerance.


Local minimum found.

Optimization completed because the size of the gradient is less than
the value of the optimality tolerance.


Local minimum found.

Optimization completed because the size of the gradient is less than
the value of the optimality tolerance.


Local minimum found.

Optimization completed because the size of the gradient is less than
the value of the optimality tolerance.

Checking Beta_j
    0.0568
    0.0146
   -0.0017
   -0.0015
    0.0014
    0.0005
    0.0048


Local minimum found.

Optimization completed because the size of the gradient is less than
the value of the optimality tolerance.


Local minimum found.

Optimization completed because the size of the gradient is less than
the value of the optimality tolerance.


Local minimum found.

Optimization completed because the size of the gradient is less than
the value of the optimality tolerance.


Local minimum found.

Optimization completed because the size of the gradient is less than
the value of the optimality tolerance.


Local minimum found.

Optimization completed because the size of the gradient is less than
the value of the optimality tolerance.


Local minimum found.

Optimization completed because the size of the gradient is less than
the value of the optimality tolerance.


Local minimum found.

Optimization completed because the size of the gradient is less than
the value of the optimality tolerance.


Local minimum found.

Optimization completed because the size of the gradient is less than
the value of the optimality tolerance.


Local minimum found.

Optimization completed because the size of the gradient is less than
the value of the optimality tolerance.


Local minimum found.

Optimization completed because the size of the gradient is less than
the value of the optimality tolerance.


Local minimum found.

Optimization completed because the size of the gradient is less than
the value of the optimality tolerance.


Local minimum found.

Optimization completed because the size of the gradient is less than
the value of the optimality tolerance.


Local minimum found.

Optimization completed because the size of the gradient is less than
the value of the optimality tolerance.

Checking Beta_j
    0.0523
    0.0125
   -0.0016
   -0.0008
    0.0008
    0.0004
    0.0040


Local minimum found.

Optimization completed because the size of the gradient is less than
the value of the optimality tolerance.


Local minimum found.

Optimization completed because the size of the gradient is less than
the value of the optimality tolerance.


Local minimum found.

Optimization completed because the size of the gradient is less than
the value of the optimality tolerance.


Local minimum found.

Optimization completed because the size of the gradient is less than
the value of the optimality tolerance.


Local minimum found.

Optimization completed because the size of the gradient is less than
the value of the optimality tolerance.


Local minimum found.

Optimization completed because the size of the gradient is less than
the value of the optimality tolerance.


Local minimum found.

Optimization completed because the size of the gradient is less than
the value of the optimality tolerance.


Local minimum found.

Optimization completed because the size of the gradient is less than
the value of the optimality tolerance.


Local minimum found.

Optimization completed because the size of the gradient is less than
the value of the optimality tolerance.


Local minimum found.

Optimization completed because the size of the gradient is less than
the value of the optimality tolerance.


Local minimum found.

Optimization completed because the size of the gradient is less than
the value of the optimality tolerance.


Local minimum found.

Optimization completed because the size of the gradient is less than
the value of the optimality tolerance.


Local minimum found.

Optimization completed because the size of the gradient is less than
the value of the optimality tolerance.

Checking Beta_j
    0.0526
    0.0126
   -0.0012
   -0.0012
    0.0011
    0.0004
    0.0031

Assembling standard error matrix
    0.0748   -0.0151   -0.0100
    0.0372   -0.0061   -0.0026
   -0.0007    0.0010    0.0086
   -0.0176   -0.0045   -0.0124
    0.0157    0.0039    0.0100
    0.0006   -0.0001   -0.0001
    0.0183    0.0011   -0.0163

    0.0250    0.0075   -0.0154    0.0031    0.0020    0.0001    0.0236
    0.0075    0.0038   -0.0039    0.0009    0.0005    0.0001    0.0041
   -0.0154   -0.0039    0.0242   -0.0029   -0.0046   -0.0001   -0.0427
    0.0031    0.0009   -0.0029    0.0091   -0.0082    0.0000    0.0057
    0.0020    0.0005   -0.0046   -0.0082    0.0098    0.0000    0.0071
    0.0001    0.0001   -0.0001    0.0000    0.0000    0.0000    0.0000
    0.0236    0.0041   -0.0427    0.0057    0.0071    0.0000    0.0814

Avar
    0.0156    0.0606   -0.0319
    0.0606    0.7486   -0.3571
   -0.0319   -0.3571    0.6675

Standard error:
    0.1250
    0.8652
    0.8170

Avar
   1.0e+03 *

    0.2101    0.7452    0.1868
    0.7452    5.9398   -0.1923
    0.1868   -0.1923    0.6465

Standard error:
   14.4935
   77.0702
   25.4271


ans =

   14.4935
   77.0702
   25.4271


ans =

        2021           3          24          21          14          59

